----------------------------------------
Begin Torque Prologue on nid25350
at Thu Nov  1 14:37:01 CDT 2018
Job Id:			9172902.bw
Username:		tra424
Group:			TRAIN_bauh
Job name:		mp7-3a
Requested resources:	nodes=1:ppn=16:xk,walltime=48:00:00,neednodes=1:ppn=16:xk
Queue:			normal
Account:		bauh
End Torque Prologue:  0.175 elapsed
----------------------------------------




==> Begin training...
1000 0.0368 8.879426956176758 0.39286790275282024 8.6290
2000 0.0689 8.605085372924805 0.42616949208438926 15.9685
3000 0.0756 8.28945255279541 0.49337915413647404 23.2888
4000 0.0966 7.83533239364624 0.5247026206980521 30.5816
5000 0.09609999999999999 7.484086990356445 0.4921003264623445 37.8940
6000 0.1105 7.0963616371154785 0.4767784215967854 45.1980
7000 0.11560000000000001 6.802834987640381 0.4370985214568933 52.5104
8000 0.12279999999999999 6.545678615570068 0.3907349727468711 59.8113
9000 0.12119999999999999 6.334850788116455 0.3797717316725755 67.1053
10000 0.1243 6.174124240875244 0.36861789540301115 74.4243
11000 0.1308 6.017215728759766 0.35971658452566696 81.7192
12000 0.13949999999999999 5.920218467712402 0.3618101068712437 89.0456
13000 0.1407 5.717473030090332 0.32868455689656134 96.3647
14000 0.1454 5.671419620513916 0.3267722285796543 103.7175
15000 0.1398 5.613518714904785 0.3220292008202505 111.0426
16000 0.1433 5.581750869750977 0.337298598194296 118.3889
17000 0.147 5.496234893798828 0.31933145048527906 125.6987
18000 0.15289999999999998 5.398810863494873 0.31625458937430556 133.0056
19000 0.1491 5.406416416168213 0.29743952948995583 140.3257
20000 0.1458 5.357849597930908 0.2939442496723524 147.6310
21000 0.16329999999999997 5.26959753036499 0.2864821033131596 154.9719
22000 0.1542 5.242910861968994 0.275154746516808 162.2594
23000 0.1464 5.246886730194092 0.29677215313310323 169.5787
24000 0.1534 5.273726463317871 0.28891702376791345 176.8960
25000 0.1535 5.199718475341797 0.2861081475377603 184.1933
0 12.43 6.3103 184.1934
1000 0.18914999999999998
2000 0.20350000000000001
3000 0.19755
4000 0.1843
5000 0.1868
6000 0.19394999999999998
7000 0.17605
8000 0.18175
9000 0.18255
10000 0.1937
11000 0.18055
12000 0.1946
13000 0.17925000000000002
14000 0.19039999999999999
15000 0.19625
16000 0.18635000000000002
17000 0.1885
18000 0.19454999999999997
19000 0.18795
20000 0.19415
21000 0.19165
22000 0.19175
23000 0.19940000000000002
24000 0.1929
25000 0.19940000000000002
   19.09 5.1997 63.9228
1 16.91 5.0080 183.7372
   21.28 4.8794 63.9540
2 18.45 4.7929 184.7108
   22.41 4.7233 63.9286
3 19.39 4.6731 184.3075
   23.17 4.6350 63.9209
4 20.01 4.5935 184.1019
   23.75 4.6102 63.9266
5 20.48 4.5329 184.4931
   24.12 4.5396 63.9228
6 20.91 4.4801 184.4268
   24.42 4.4832 63.9479
7 21.21 4.4409 184.2097
   24.69 4.4084 63.9403
8 21.49 4.4037 184.2850
   24.90 4.3959 63.9607
9 21.73 4.3749 184.2051
   25.15 4.3868 63.9283
10 21.99 4.3461 184.2106
   25.29 4.3913 63.9470
11 22.07 4.3270 184.2570
   25.40 4.3910 63.9150
12 22.28 4.3061 184.1540
   25.53 4.3069 63.9293
13 22.44 4.2853 184.8128
   25.65 4.3289 63.9207
14 22.60 4.2697 184.2948
   25.69 4.2482 63.9067
15 22.66 4.2548 184.3794
   25.80 4.2381 63.9128
16 22.75 4.2399 184.5267
   25.85 4.2047 63.9261
17 22.86 4.2277 184.4746
   25.96 4.2851 63.9298
18 22.96 4.2145 184.2993
   25.99 4.3115 63.9289
19 23.08 4.1990 184.2219
   26.03 4.2177 63.9262
20 23.15 4.1918 183.9668
   26.08 4.2331 63.9314
21 23.24 4.1818 184.2029
   26.17 4.2209 63.9198
22 23.32 4.1691 184.5153
   26.16 4.2016 63.9126
23 23.47 4.1597 184.4673
   26.18 4.2131 63.9174
24 23.45 4.1526 184.5848
   26.30 4.1635 63.9442
25 23.59 4.1405 184.5051
   26.35 4.1573 63.9257
26 23.70 4.1312 184.5702
   26.33 4.1706 63.9343
27 23.67 4.1281 184.7480
   26.44 4.1129 63.9244
28 23.80 4.1159 184.4775
   26.39 4.1264 63.9375
29 23.79 4.1096 184.4529
   26.44 4.0690 63.9250
30 23.91 4.1053 184.3110
   26.51 4.1108 63.9174
31 23.95 4.0970 184.3716
   26.52 4.1354 63.9332
32 24.04 4.0909 184.7233
   26.48 4.0816 63.9494
33 24.08 4.0832 184.4361
   26.51 4.0712 63.9207
34 24.09 4.0780 184.0122
   26.55 4.0682 63.9273
35 24.21 4.0668 184.0984
   26.61 4.0777 63.9311
36 24.27 4.0662 184.0510
   26.61 4.0661 63.9150
37 24.29 4.0577 184.4668
   26.65 4.1202 63.9267
38 24.42 4.0504 184.4515
   26.68 4.0006 63.9283
39 24.42 4.0482 183.8893
   26.68 4.0465 63.9237
40 24.49 4.0395 184.2774
   26.70 4.1169 63.9251
41 24.50 4.0342 184.2371
   26.73 4.0375 63.9286
42 24.53 4.0333 184.3501
   26.76 4.0384 63.9300
43 24.55 4.0299 184.7848
   26.70 4.0333 63.9201
44 24.73 4.0205 184.2896
   26.75 4.0466 63.9328
45 24.68 4.0195 184.4418
   26.71 4.0356 63.9378
46 24.76 4.0112 184.6806
   26.77 4.0815 63.9464
47 24.76 4.0103 184.9524
   26.79 4.0728 63.9151
48 24.82 4.0041 184.7629
   26.81 4.0426 63.9429
49 24.84 3.9970 184.5559
   26.78 4.0125 63.9059
50 25.17 3.9743 184.7715
   26.85 3.9895 63.9232
51 25.28 3.9613 184.8076
   26.91 4.0106 63.9162
52 25.26 3.9605 184.2979
   26.98 3.9763 63.9151
53 25.30 3.9545 184.5388
   26.97 3.8773 63.9358
54 25.36 3.9527 184.2896
   26.99 3.9694 63.9231
55 25.44 3.9451 184.2701
   26.98 3.9653 63.9392
56 25.32 3.9500 184.6043
   26.97 3.9533 63.9485
57 25.43 3.9409 184.3802
   27.01 3.9996 63.9563
58 25.48 3.9421 184.4072
   26.98 3.9318 63.9465
59 25.41 3.9428 184.7247
   26.98 3.9614 63.9279
60 25.49 3.9382 184.3666
   27.02 3.9558 63.9243
61 25.53 3.9343 184.8050
   26.99 3.9334 63.9241
62 25.57 3.9365 184.4184
   27.01 3.9750 63.9441
63 25.57 3.9306 184.3452
   27.02 3.9770 63.9347
64 25.52 3.9316 184.1252
   27.00 4.0114 63.9364
65 25.56 3.9300 184.3172
   27.02 3.9391 63.9292
66 25.55 3.9288 184.3412
   27.04 3.9028 63.9230
67 25.60 3.9255 184.6491
   27.04 3.9000 63.9215
68 25.66 3.9233 184.2707
   27.05 3.8218 63.9137
69 25.60 3.9224 184.3595
   27.07 3.8416 63.9129
70 25.61 3.9218 183.7509
   27.09 3.9561 63.9084
71 25.64 3.9240 184.1798
   27.07 3.8984 63.9434
72 25.65 3.9192 184.3223
   27.08 3.9190 63.9411
73 25.64 3.9244 184.1325
   27.06 3.9744 63.9192
74 25.66 3.9175 184.3105
   27.08 3.9494 63.9540
Application 70544604 resources: utime ~18057s, stime ~630s, Rss ~1840436, inblocks ~195659, outblocks ~16506821
