0 74.52 0.5240 1048.0400
1 82.85 0.3890 1047.2990
2 84.57 0.3489 1047.6867
3 85.74 0.3272 1047.6837
4 86.27 0.3183 1047.5276
5 87.25 0.2994 1047.5022
6 87.68 0.2908 1047.9351
7 87.80 0.2849 1048.2432
8 88.48 0.2772 1048.4188
9 88.47 0.2708 1048.3419
10 89.34 0.2556 1048.5006
11 89.44 0.2510 1048.6940
12 89.76 0.2445 1048.5692
13 89.90 0.2449 1048.6399
14 90.63 0.2290 1048.1855
15 90.81 0.2244 1047.9728
16 91.00 0.2218 1048.6330
17 91.27 0.2126 1048.8019
18 91.14 0.2159 1048.6526
19 91.58 0.2082 1048.1608
20 91.82 0.1999 1048.8846
21 92.14 0.1941 1048.3403
22 92.39 0.1864 1048.3814
23 92.32 0.1913 1047.9023
24 92.71 0.1805 1048.3746