----------------------------------------
Begin Torque Prologue on nid25257
at Sat Nov 17 21:06:57 CST 2018
Job Id:			9232114.bw
Username:		traXXX
Group:			TRAIN_bauh
Job name:		mp9-part2
Requested resources:	nodes=1:ppn=16:xk,walltime=10:00:00,neednodes=1:ppn=16:xk
Queue:			normal
Account:		bauh
End Torque Prologue:  0.292 elapsed
----------------------------------------




>>>    Batch: 0 | Accuracy: 0.0
>>>    Batch: 16 | Accuracy: 0.0
>>>    Batch: 32 | Accuracy: 18.75
>>>    Batch: 48 | Accuracy: 0.0
>>>    Batch: 64 | Accuracy: 0.0
>>>    Batch: 80 | Accuracy: 0.0
>>>    Batch: 96 | Accuracy: 6.25
>>>    Batch: 112 | Accuracy: 12.5
>>>    Batch: 128 | Accuracy: 6.25
>>>    Batch: 144 | Accuracy: 25.0
>>>    Batch: 160 | Accuracy: 6.25
>>>    Batch: 176 | Accuracy: 12.5
>>>    Batch: 192 | Accuracy: 6.25
>>>    Batch: 208 | Accuracy: 6.25
>>>    Batch: 224 | Accuracy: 12.5
>>>    Batch: 240 | Accuracy: 0.0
>>>    Batch: 256 | Accuracy: 12.5
>>>    Batch: 272 | Accuracy: 6.25
>>>    Batch: 288 | Accuracy: 6.25
>>>    Batch: 304 | Accuracy: 12.5
>>>    Batch: 320 | Accuracy: 18.75
>>>    Batch: 336 | Accuracy: 12.5
>>>    Batch: 352 | Accuracy: 0.0
>>>    Batch: 368 | Accuracy: 0.0
>>>    Batch: 384 | Accuracy: 6.25
>>>    Batch: 400 | Accuracy: 0.0
>>>    Batch: 416 | Accuracy: 12.5
>>>    Batch: 432 | Accuracy: 12.5
>>>    Batch: 448 | Accuracy: 25.0
>>>    Batch: 464 | Accuracy: 25.0
>>>    Batch: 480 | Accuracy: 12.5
>>>    Batch: 496 | Accuracy: 6.25
>>>    Batch: 512 | Accuracy: 31.25
>>>    Batch: 528 | Accuracy: 31.25
>>>    Batch: 544 | Accuracy: 37.5
>>>    Batch: 560 | Accuracy: 25.0
>>>    Batch: 576 | Accuracy: 18.75
>>>    Batch: 592 | Accuracy: 12.5
>>>    Batch: 608 | Accuracy: 25.0
>>>    Batch: 624 | Accuracy: 18.75
>>>    Batch: 640 | Accuracy: 12.5
>>>    Batch: 656 | Accuracy: 12.5
>>>    Batch: 672 | Accuracy: 25.0
>>>    Batch: 688 | Accuracy: 12.5
>>>    Batch: 704 | Accuracy: 12.5
>>>    Batch: 720 | Accuracy: 18.75
>>>    Batch: 736 | Accuracy: 18.75
>>>    Batch: 752 | Accuracy: 6.25
>>>    Batch: 768 | Accuracy: 6.25
>>>    Batch: 784 | Accuracy: 12.5
>>>    Batch: 800 | Accuracy: 25.0
>>>    Batch: 816 | Accuracy: 0.0
>>>    Batch: 832 | Accuracy: 0.0
>>>    Batch: 848 | Accuracy: 25.0
>>>    Batch: 864 | Accuracy: 6.25
>>>    Batch: 880 | Accuracy: 12.5
>>>    Batch: 896 | Accuracy: 6.25
>>>    Batch: 912 | Accuracy: 18.75
>>>    Batch: 928 | Accuracy: 18.75
>>>    Batch: 944 | Accuracy: 6.25
>>>    Batch: 960 | Accuracy: 25.0
>>>    Batch: 976 | Accuracy: 6.25
>>>    Batch: 992 | Accuracy: 12.5
>>>    Batch: 1008 | Accuracy: 18.75
>>>    Batch: 1024 | Accuracy: 31.25
>>>    Batch: 1040 | Accuracy: 31.25
>>>    Batch: 1056 | Accuracy: 37.5
>>>    Batch: 1072 | Accuracy: 12.5
>>>    Batch: 1088 | Accuracy: 6.25
>>>    Batch: 1104 | Accuracy: 12.5
>>>    Batch: 1120 | Accuracy: 31.25
>>>    Batch: 1136 | Accuracy: 12.5
>>>    Batch: 1152 | Accuracy: 6.25
>>>    Batch: 1168 | Accuracy: 37.5
>>>    Batch: 1184 | Accuracy: 43.75
>>>    Batch: 1200 | Accuracy: 25.0
>>>    Batch: 1216 | Accuracy: 18.75
>>>    Batch: 1232 | Accuracy: 12.5
>>>    Batch: 1248 | Accuracy: 18.75
>>>    Batch: 1264 | Accuracy: 18.75
>>>    Batch: 1280 | Accuracy: 25.0
>>>    Batch: 1296 | Accuracy: 25.0
>>>    Batch: 1312 | Accuracy: 37.5
>>>    Batch: 1328 | Accuracy: 50.0
>>>    Batch: 1344 | Accuracy: 25.0
>>>    Batch: 1360 | Accuracy: 25.0
>>>    Batch: 1376 | Accuracy: 25.0
>>>    Batch: 1392 | Accuracy: 31.25
>>>    Batch: 1408 | Accuracy: 12.5
>>>    Batch: 1424 | Accuracy: 56.25
>>>    Batch: 1440 | Accuracy: 37.5
>>>    Batch: 1456 | Accuracy: 37.5
>>>    Batch: 1472 | Accuracy: 25.0
>>>    Batch: 1488 | Accuracy: 25.0
>>>    Batch: 1504 | Accuracy: 25.0
>>>    Batch: 1520 | Accuracy: 50.0
>>>    Batch: 1536 | Accuracy: 31.25
>>>    Batch: 1552 | Accuracy: 50.0
>>>    Batch: 1568 | Accuracy: 31.25
>>>    Batch: 1584 | Accuracy: 18.75
>>>    Batch: 1600 | Accuracy: 25.0
>>>    Batch: 1616 | Accuracy: 56.25
>>>    Batch: 1632 | Accuracy: 43.75
>>>    Batch: 1648 | Accuracy: 37.5
>>>    Batch: 1664 | Accuracy: 25.0
>>>    Batch: 1680 | Accuracy: 56.25
>>>    Batch: 1696 | Accuracy: 31.25
>>>    Batch: 1712 | Accuracy: 43.75
>>>    Batch: 1728 | Accuracy: 50.0
>>>    Batch: 1744 | Accuracy: 25.0
>>>    Batch: 1760 | Accuracy: 25.0
>>>    Batch: 1776 | Accuracy: 31.25
>>>    Batch: 1792 | Accuracy: 31.25
>>>    Batch: 1808 | Accuracy: 37.5
>>>    Batch: 1824 | Accuracy: 31.25
>>>    Batch: 1840 | Accuracy: 25.0
>>>    Batch: 1856 | Accuracy: 12.5
>>>    Batch: 1872 | Accuracy: 25.0
>>>    Batch: 1888 | Accuracy: 25.0
>>>    Batch: 1904 | Accuracy: 37.5
>>>    Batch: 1920 | Accuracy: 18.75
>>>    Batch: 1936 | Accuracy: 56.25
>>>    Batch: 1952 | Accuracy: 50.0
>>>    Batch: 1968 | Accuracy: 37.5
>>>    Batch: 1984 | Accuracy: 37.5
>>>    Batch: 2000 | Accuracy: 50.0
>>>    Batch: 2016 | Accuracy: 18.75
>>>    Batch: 2032 | Accuracy: 43.75
>>>    Batch: 2048 | Accuracy: 43.75
>>>    Batch: 2064 | Accuracy: 18.75
>>>    Batch: 2080 | Accuracy: 18.75
>>>    Batch: 2096 | Accuracy: 31.25
>>>    Batch: 2112 | Accuracy: 31.25
>>>    Batch: 2128 | Accuracy: 25.0
>>>    Batch: 2144 | Accuracy: 43.75
>>>    Batch: 2160 | Accuracy: 37.5
>>>    Batch: 2176 | Accuracy: 18.75
>>>    Batch: 2192 | Accuracy: 18.75
>>>    Batch: 2208 | Accuracy: 56.25
>>>    Batch: 2224 | Accuracy: 56.25
>>>    Batch: 2240 | Accuracy: 6.25
>>>    Batch: 2256 | Accuracy: 25.0
>>>    Batch: 2272 | Accuracy: 68.75
>>>    Batch: 2288 | Accuracy: 50.0
>>>    Batch: 2304 | Accuracy: 12.5
>>>    Batch: 2320 | Accuracy: 50.0
>>>    Batch: 2336 | Accuracy: 43.75
>>>    Batch: 2352 | Accuracy: 37.5
>>>    Batch: 2368 | Accuracy: 37.5
>>>    Batch: 2384 | Accuracy: 31.25
>>>    Batch: 2400 | Accuracy: 43.75
>>>    Batch: 2416 | Accuracy: 43.75
>>>    Batch: 2432 | Accuracy: 37.5
>>>    Batch: 2448 | Accuracy: 12.5
>>>    Batch: 2464 | Accuracy: 25.0
>>>    Batch: 2480 | Accuracy: 50.0
>>>    Batch: 2496 | Accuracy: 56.25
>>>    Batch: 2512 | Accuracy: 62.5
>>>    Batch: 2528 | Accuracy: 37.5
>>>    Batch: 2544 | Accuracy: 37.5
>>>    Batch: 2560 | Accuracy: 31.25
>>>    Batch: 2576 | Accuracy: 25.0
>>>    Batch: 2592 | Accuracy: 56.25
>>>    Batch: 2608 | Accuracy: 43.75
>>>    Batch: 2624 | Accuracy: 18.75
>>>    Batch: 2640 | Accuracy: 37.5
>>>    Batch: 2656 | Accuracy: 37.5
>>>    Batch: 2672 | Accuracy: 56.25
>>>    Batch: 2688 | Accuracy: 37.5
>>>    Batch: 2704 | Accuracy: 56.25
>>>    Batch: 2720 | Accuracy: 50.0
>>>    Batch: 2736 | Accuracy: 25.0
>>>    Batch: 2752 | Accuracy: 43.75
>>>    Batch: 2768 | Accuracy: 56.25
>>>    Batch: 2784 | Accuracy: 68.75
>>>    Batch: 2800 | Accuracy: 25.0
>>>    Batch: 2816 | Accuracy: 31.25
>>>    Batch: 2832 | Accuracy: 50.0
>>>    Batch: 2848 | Accuracy: 31.25
>>>    Batch: 2864 | Accuracy: 37.5
>>>    Batch: 2880 | Accuracy: 50.0
>>>    Batch: 2896 | Accuracy: 50.0
>>>    Batch: 2912 | Accuracy: 43.75
>>>    Batch: 2928 | Accuracy: 25.0
>>>    Batch: 2944 | Accuracy: 56.25
>>>    Batch: 2960 | Accuracy: 31.25
>>>    Batch: 2976 | Accuracy: 25.0
>>>    Batch: 2992 | Accuracy: 56.25
>>>    Batch: 3008 | Accuracy: 31.25
>>>    Batch: 3024 | Accuracy: 68.75
>>>    Batch: 3040 | Accuracy: 56.25
>>>    Batch: 3056 | Accuracy: 43.75
>>>    Batch: 3072 | Accuracy: 56.25
>>>    Batch: 3088 | Accuracy: 68.75
>>>    Batch: 3104 | Accuracy: 56.25
>>>    Batch: 3120 | Accuracy: 37.5
>>>    Batch: 3136 | Accuracy: 37.5
>>>    Batch: 3152 | Accuracy: 43.75
>>>    Batch: 3168 | Accuracy: 43.75
>>>    Batch: 3184 | Accuracy: 56.25
>>>    Batch: 3200 | Accuracy: 31.25
>>>    Batch: 3216 | Accuracy: 18.75
>>>    Batch: 3232 | Accuracy: 43.75
>>>    Batch: 3248 | Accuracy: 43.75
>>>    Batch: 3264 | Accuracy: 31.25
>>>    Batch: 3280 | Accuracy: 50.0
>>>    Batch: 3296 | Accuracy: 56.25
>>>    Batch: 3312 | Accuracy: 50.0
>>>    Batch: 3328 | Accuracy: 50.0
>>>    Batch: 3344 | Accuracy: 50.0
>>>    Batch: 3360 | Accuracy: 25.0
>>>    Batch: 3376 | Accuracy: 31.25
>>>    Batch: 3392 | Accuracy: 43.75
>>>    Batch: 3408 | Accuracy: 25.0
>>>    Batch: 3424 | Accuracy: 50.0
>>>    Batch: 3440 | Accuracy: 37.5
>>>    Batch: 3456 | Accuracy: 43.75
>>>    Batch: 3472 | Accuracy: 62.5
>>>    Batch: 3488 | Accuracy: 56.25
>>>    Batch: 3504 | Accuracy: 56.25
>>>    Batch: 3520 | Accuracy: 37.5
>>>    Batch: 3536 | Accuracy: 43.75
>>>    Batch: 3552 | Accuracy: 56.25
>>>    Batch: 3568 | Accuracy: 50.0
>>>    Batch: 3584 | Accuracy: 37.5
>>>    Batch: 3600 | Accuracy: 81.25
>>>    Batch: 3616 | Accuracy: 50.0
>>>    Batch: 3632 | Accuracy: 68.75
>>>    Batch: 3648 | Accuracy: 50.0
>>>    Batch: 3664 | Accuracy: 50.0
>>>    Batch: 3680 | Accuracy: 68.75
>>>    Batch: 3696 | Accuracy: 56.25
>>>    Batch: 3712 | Accuracy: 50.0
>>>    Batch: 3728 | Accuracy: 68.75
>>>    Batch: 3744 | Accuracy: 62.5
>>>    Batch: 3760 | Accuracy: 43.75
>>>    Batch: 3776 | Accuracy: 87.5
>>>    Batch: 3792 | Accuracy: 56.25
>>>    Batch: 3808 | Accuracy: 31.25
>>>    Batch: 3824 | Accuracy: 68.75
>>>    Batch: 3840 | Accuracy: 62.5
>>>    Batch: 3856 | Accuracy: 43.75
>>>    Batch: 3872 | Accuracy: 62.5
>>>    Batch: 3888 | Accuracy: 62.5
>>>    Batch: 3904 | Accuracy: 43.75
>>>    Batch: 3920 | Accuracy: 50.0
>>>    Batch: 3936 | Accuracy: 43.75
>>>    Batch: 3952 | Accuracy: 62.5
>>>    Batch: 3968 | Accuracy: 56.25
>>>    Batch: 3984 | Accuracy: 68.75
>>>    Batch: 4000 | Accuracy: 62.5
>>>    Batch: 4016 | Accuracy: 31.25
>>>    Batch: 4032 | Accuracy: 62.5
>>>    Batch: 4048 | Accuracy: 43.75
>>>    Batch: 4064 | Accuracy: 31.25
>>>    Batch: 4080 | Accuracy: 62.5
>>>    Batch: 4096 | Accuracy: 43.75
>>>    Batch: 4112 | Accuracy: 56.25
>>>    Batch: 4128 | Accuracy: 68.75
>>>    Batch: 4144 | Accuracy: 31.25
>>>    Batch: 4160 | Accuracy: 81.25
>>>    Batch: 4176 | Accuracy: 56.25
>>>    Batch: 4192 | Accuracy: 62.5
Exception: /projects/training/bauh/AR/UCF-101-hdf5/Surfing/v_Surfing_g08_c03.hdf5
>>>    Batch: 4224 | Accuracy: 43.75
>>>    Batch: 4240 | Accuracy: 31.25
>>>    Batch: 4256 | Accuracy: 43.75
>>>    Batch: 4272 | Accuracy: 56.25
>>>    Batch: 4288 | Accuracy: 68.75
>>>    Batch: 4304 | Accuracy: 56.25
>>>    Batch: 4320 | Accuracy: 37.5
>>>    Batch: 4336 | Accuracy: 43.75
>>>    Batch: 4352 | Accuracy: 37.5
>>>    Batch: 4368 | Accuracy: 56.25
>>>    Batch: 4384 | Accuracy: 50.0
>>>    Batch: 4400 | Accuracy: 62.5
>>>    Batch: 4416 | Accuracy: 56.25
>>>    Batch: 4432 | Accuracy: 37.5
>>>    Batch: 4448 | Accuracy: 68.75
>>>    Batch: 4464 | Accuracy: 50.0
>>>    Batch: 4480 | Accuracy: 18.75
>>>    Batch: 4496 | Accuracy: 50.0
>>>    Batch: 4512 | Accuracy: 50.0
>>>    Batch: 4528 | Accuracy: 62.5
>>>    Batch: 4544 | Accuracy: 50.0
>>>    Batch: 4560 | Accuracy: 37.5
>>>    Batch: 4576 | Accuracy: 68.75
>>>    Batch: 4592 | Accuracy: 62.5
>>>    Batch: 4608 | Accuracy: 37.5
>>>    Batch: 4624 | Accuracy: 68.75
>>>    Batch: 4640 | Accuracy: 43.75
>>>    Batch: 4656 | Accuracy: 25.0
>>>    Batch: 4672 | Accuracy: 50.0
>>>    Batch: 4688 | Accuracy: 43.75
>>>    Batch: 4704 | Accuracy: 43.75
>>>    Batch: 4720 | Accuracy: 31.25
>>>    Batch: 4736 | Accuracy: 31.25
>>>    Batch: 4752 | Accuracy: 50.0
>>>    Batch: 4768 | Accuracy: 62.5
>>>    Batch: 4784 | Accuracy: 62.5
>>>    Batch: 4800 | Accuracy: 43.75
>>>    Batch: 4816 | Accuracy: 56.25
>>>    Batch: 4832 | Accuracy: 43.75
>>>    Batch: 4848 | Accuracy: 43.75
>>>    Batch: 4864 | Accuracy: 31.25
>>>    Batch: 4880 | Accuracy: 81.25
>>>    Batch: 4896 | Accuracy: 62.5
>>>    Batch: 4912 | Accuracy: 68.75
>>>    Batch: 4928 | Accuracy: 68.75
>>>    Batch: 4944 | Accuracy: 18.75
>>>    Batch: 4960 | Accuracy: 43.75
>>>    Batch: 4976 | Accuracy: 56.25
>>>    Batch: 4992 | Accuracy: 68.75
>>>    Batch: 5008 | Accuracy: 68.75
>>>    Batch: 5024 | Accuracy: 37.5
>>>    Batch: 5040 | Accuracy: 43.75
>>>    Batch: 5056 | Accuracy: 25.0
>>>    Batch: 5072 | Accuracy: 50.0
>>>    Batch: 5088 | Accuracy: 68.75
>>>    Batch: 5104 | Accuracy: 56.25
>>>    Batch: 5120 | Accuracy: 56.25
>>>    Batch: 5136 | Accuracy: 50.0
>>>    Batch: 5152 | Accuracy: 50.0
>>>    Batch: 5168 | Accuracy: 68.75
>>>    Batch: 5184 | Accuracy: 25.0
>>>    Batch: 5200 | Accuracy: 75.0
>>>    Batch: 5216 | Accuracy: 56.25
>>>    Batch: 5232 | Accuracy: 56.25
>>>    Batch: 5248 | Accuracy: 62.5
>>>    Batch: 5264 | Accuracy: 56.25
>>>    Batch: 5280 | Accuracy: 43.75
>>>    Batch: 5296 | Accuracy: 56.25
>>>    Batch: 5312 | Accuracy: 31.25
>>>    Batch: 5328 | Accuracy: 31.25
>>>    Batch: 5344 | Accuracy: 56.25
>>>    Batch: 5360 | Accuracy: 25.0
>>>    Batch: 5376 | Accuracy: 43.75
>>>    Batch: 5392 | Accuracy: 31.25
>>>    Batch: 5408 | Accuracy: 68.75
>>>    Batch: 5424 | Accuracy: 50.0
>>>    Batch: 5440 | Accuracy: 56.25
>>>    Batch: 5456 | Accuracy: 56.25
>>>    Batch: 5472 | Accuracy: 56.25
>>>    Batch: 5488 | Accuracy: 62.5
>>>    Batch: 5504 | Accuracy: 43.75
>>>    Batch: 5520 | Accuracy: 68.75
>>>    Batch: 5536 | Accuracy: 75.0
>>>    Batch: 5552 | Accuracy: 68.75
>>>    Batch: 5568 | Accuracy: 62.5
>>>    Batch: 5584 | Accuracy: 75.0
>>>    Batch: 5600 | Accuracy: 56.25
>>>    Batch: 5616 | Accuracy: 68.75
>>>    Batch: 5632 | Accuracy: 62.5
>>>    Batch: 5648 | Accuracy: 62.5
>>>    Batch: 5664 | Accuracy: 31.25
>>>    Batch: 5680 | Accuracy: 50.0
>>>    Batch: 5696 | Accuracy: 56.25
>>>    Batch: 5712 | Accuracy: 68.75
>>>    Batch: 5728 | Accuracy: 68.75
>>>    Batch: 5744 | Accuracy: 50.0
>>>    Batch: 5760 | Accuracy: 50.0
>>>    Batch: 5776 | Accuracy: 56.25
>>>    Batch: 5792 | Accuracy: 68.75
>>>    Batch: 5808 | Accuracy: 50.0
>>>    Batch: 5824 | Accuracy: 62.5
>>>    Batch: 5840 | Accuracy: 56.25
>>>    Batch: 5856 | Accuracy: 50.0
>>>    Batch: 5872 | Accuracy: 62.5
>>>    Batch: 5888 | Accuracy: 50.0
>>>    Batch: 5904 | Accuracy: 62.5
>>>    Batch: 5920 | Accuracy: 43.75
>>>    Batch: 5936 | Accuracy: 56.25
>>>    Batch: 5952 | Accuracy: 68.75
>>>    Batch: 5968 | Accuracy: 62.5
>>>    Batch: 5984 | Accuracy: 68.75
>>>    Batch: 6000 | Accuracy: 62.5
>>>    Batch: 6016 | Accuracy: 50.0
>>>    Batch: 6032 | Accuracy: 56.25
>>>    Batch: 6048 | Accuracy: 62.5
>>>    Batch: 6064 | Accuracy: 62.5
>>>    Batch: 6080 | Accuracy: 68.75
>>>    Batch: 6096 | Accuracy: 81.25
>>>    Batch: 6112 | Accuracy: 68.75
>>>    Batch: 6128 | Accuracy: 62.5
>>>    Batch: 6144 | Accuracy: 75.0
>>>    Batch: 6160 | Accuracy: 56.25
>>>    Batch: 6176 | Accuracy: 56.25
>>>    Batch: 6192 | Accuracy: 62.5
>>>    Batch: 6208 | Accuracy: 62.5
>>>    Batch: 6224 | Accuracy: 62.5
>>>    Batch: 6240 | Accuracy: 68.75
>>>    Batch: 6256 | Accuracy: 56.25
>>>    Batch: 6272 | Accuracy: 56.25
>>>    Batch: 6288 | Accuracy: 31.25
>>>    Batch: 6304 | Accuracy: 62.5
>>>    Batch: 6320 | Accuracy: 62.5
>>>    Batch: 6336 | Accuracy: 56.25
>>>    Batch: 6352 | Accuracy: 81.25
>>>    Batch: 6368 | Accuracy: 62.5
>>>    Batch: 6384 | Accuracy: 68.75
>>>    Batch: 6400 | Accuracy: 75.0
>>>    Batch: 6416 | Accuracy: 56.25
>>>    Batch: 6432 | Accuracy: 56.25
>>>    Batch: 6448 | Accuracy: 62.5
>>>    Batch: 6464 | Accuracy: 62.5
>>>    Batch: 6480 | Accuracy: 87.5
>>>    Batch: 6496 | Accuracy: 62.5
>>>    Batch: 6512 | Accuracy: 75.0
>>>    Batch: 6528 | Accuracy: 62.5
>>>    Batch: 6544 | Accuracy: 81.25
>>>    Batch: 6560 | Accuracy: 68.75
>>>    Batch: 6576 | Accuracy: 75.0
>>>    Batch: 6592 | Accuracy: 68.75
>>>    Batch: 6608 | Accuracy: 56.25
>>>    Batch: 6624 | Accuracy: 75.0
>>>    Batch: 6640 | Accuracy: 56.25
>>>    Batch: 6656 | Accuracy: 50.0
>>>    Batch: 6672 | Accuracy: 75.0
>>>    Batch: 6688 | Accuracy: 62.5
>>>    Batch: 6704 | Accuracy: 62.5
>>>    Batch: 6720 | Accuracy: 56.25
>>>    Batch: 6736 | Accuracy: 75.0
>>>    Batch: 6752 | Accuracy: 56.25
>>>    Batch: 6768 | Accuracy: 62.5
>>>    Batch: 6784 | Accuracy: 43.75
>>>    Batch: 6800 | Accuracy: 62.5
>>>    Batch: 6816 | Accuracy: 62.5
>>>    Batch: 6832 | Accuracy: 62.5
>>>    Batch: 6848 | Accuracy: 43.75
>>>    Batch: 6864 | Accuracy: 56.25
>>>    Batch: 6880 | Accuracy: 56.25
>>>    Batch: 6896 | Accuracy: 56.25
>>>    Batch: 6912 | Accuracy: 62.5
>>>    Batch: 6928 | Accuracy: 56.25
>>>    Batch: 6944 | Accuracy: 68.75
>>>    Batch: 6960 | Accuracy: 62.5
>>>    Batch: 6976 | Accuracy: 68.75
>>>    Batch: 6992 | Accuracy: 56.25
>>>    Batch: 7008 | Accuracy: 62.5
>>>    Batch: 7024 | Accuracy: 56.25
>>>    Batch: 7040 | Accuracy: 43.75
>>>    Batch: 7056 | Accuracy: 62.5
>>>    Batch: 7072 | Accuracy: 62.5
>>>    Batch: 7088 | Accuracy: 56.25
>>>    Batch: 7104 | Accuracy: 56.25
>>>    Batch: 7120 | Accuracy: 68.75
>>>    Batch: 7136 | Accuracy: 56.25
>>>    Batch: 7152 | Accuracy: 81.25
>>>    Batch: 7168 | Accuracy: 62.5
>>>    Batch: 7184 | Accuracy: 75.0
>>>    Batch: 7200 | Accuracy: 50.0
>>>    Batch: 7216 | Accuracy: 75.0
>>>    Batch: 7232 | Accuracy: 50.0
>>>    Batch: 7248 | Accuracy: 62.5
>>>    Batch: 7264 | Accuracy: 62.5
>>>    Batch: 7280 | Accuracy: 68.75
>>>    Batch: 7296 | Accuracy: 43.75
>>>    Batch: 7312 | Accuracy: 62.5
>>>    Batch: 7328 | Accuracy: 75.0
>>>    Batch: 7344 | Accuracy: 62.5
>>>    Batch: 7360 | Accuracy: 62.5
>>>    Batch: 7376 | Accuracy: 43.75
>>>    Batch: 7392 | Accuracy: 56.25
>>>    Batch: 7408 | Accuracy: 75.0
>>>    Batch: 7424 | Accuracy: 81.25
>>>    Batch: 7440 | Accuracy: 62.5
>>>    Batch: 7456 | Accuracy: 50.0
>>>    Batch: 7472 | Accuracy: 43.75
>>>    Batch: 7488 | Accuracy: 87.5
>>>    Batch: 7504 | Accuracy: 68.75
>>>    Batch: 7520 | Accuracy: 75.0
>>>    Batch: 7536 | Accuracy: 50.0
>>>    Batch: 7552 | Accuracy: 50.0
>>>    Batch: 7568 | Accuracy: 68.75
>>>    Batch: 7584 | Accuracy: 81.25
>>>    Batch: 7600 | Accuracy: 68.75
>>>    Batch: 7616 | Accuracy: 43.75
>>>    Batch: 7632 | Accuracy: 68.75
>>>    Batch: 7648 | Accuracy: 68.75
>>>    Batch: 7664 | Accuracy: 75.0
>>>    Batch: 7680 | Accuracy: 75.0
>>>    Batch: 7696 | Accuracy: 62.5
>>>    Batch: 7712 | Accuracy: 81.25
>>>    Batch: 7728 | Accuracy: 81.25
>>>    Batch: 7744 | Accuracy: 50.0
>>>    Batch: 7760 | Accuracy: 93.75
>>>    Batch: 7776 | Accuracy: 62.5
>>>    Batch: 7792 | Accuracy: 81.25
>>>    Batch: 7808 | Accuracy: 50.0
>>>    Batch: 7824 | Accuracy: 68.75
>>>    Batch: 7840 | Accuracy: 56.25
>>>    Batch: 7856 | Accuracy: 68.75
>>>    Batch: 7872 | Accuracy: 56.25
>>>    Batch: 7888 | Accuracy: 68.75
>>>    Batch: 7904 | Accuracy: 81.25
>>>    Batch: 7920 | Accuracy: 81.25
>>>    Batch: 7936 | Accuracy: 43.75
>>>    Batch: 7952 | Accuracy: 37.5
>>>    Batch: 7968 | Accuracy: 56.25
>>>    Batch: 7984 | Accuracy: 56.25
>>>    Batch: 8000 | Accuracy: 56.25
>>>    Batch: 8016 | Accuracy: 81.25
>>>    Batch: 8032 | Accuracy: 81.25
>>>    Batch: 8048 | Accuracy: 75.0
>>>    Batch: 8064 | Accuracy: 81.25
>>>    Batch: 8080 | Accuracy: 81.25
>>>    Batch: 8096 | Accuracy: 75.0
>>>    Batch: 8112 | Accuracy: 75.0
>>>    Batch: 8128 | Accuracy: 75.0
>>>    Batch: 8144 | Accuracy: 56.25
>>>    Batch: 8160 | Accuracy: 81.25
>>>    Batch: 8176 | Accuracy: 56.25
>>>    Batch: 8192 | Accuracy: 56.25
>>>    Batch: 8208 | Accuracy: 62.5
>>>    Batch: 8224 | Accuracy: 87.5
>>>    Batch: 8240 | Accuracy: 81.25
>>>    Batch: 8256 | Accuracy: 62.5
>>>    Batch: 8272 | Accuracy: 81.25
>>>    Batch: 8288 | Accuracy: 62.5
>>>    Batch: 8304 | Accuracy: 75.0
>>>    Batch: 8320 | Accuracy: 81.25
>>>    Batch: 8336 | Accuracy: 75.0
>>>    Batch: 8352 | Accuracy: 75.0
>>>    Batch: 8368 | Accuracy: 75.0
>>>    Batch: 8384 | Accuracy: 81.25
>>>    Batch: 8400 | Accuracy: 62.5
>>>    Batch: 8416 | Accuracy: 56.25
>>>    Batch: 8432 | Accuracy: 75.0
>>>    Batch: 8448 | Accuracy: 81.25
>>>    Batch: 8464 | Accuracy: 68.75
>>>    Batch: 8480 | Accuracy: 87.5
>>>    Batch: 8496 | Accuracy: 75.0
>>>    Batch: 8512 | Accuracy: 62.5
>>>    Batch: 8528 | Accuracy: 62.5
>>>    Batch: 8544 | Accuracy: 68.75
>>>    Batch: 8560 | Accuracy: 75.0
>>>    Batch: 8576 | Accuracy: 81.25
>>>    Batch: 8592 | Accuracy: 87.5
>>>    Batch: 8608 | Accuracy: 93.75
>>>    Batch: 8624 | Accuracy: 68.75
>>>    Batch: 8640 | Accuracy: 62.5
>>>    Batch: 8656 | Accuracy: 50.0
>>>    Batch: 8672 | Accuracy: 68.75
>>>    Batch: 8688 | Accuracy: 75.0
>>>    Batch: 8704 | Accuracy: 43.75
>>>    Batch: 8720 | Accuracy: 81.25
>>>    Batch: 8736 | Accuracy: 62.5
>>>    Batch: 8752 | Accuracy: 81.25
>>>    Batch: 8768 | Accuracy: 75.0
>>>    Batch: 8784 | Accuracy: 87.5
>>>    Batch: 8800 | Accuracy: 56.25
>>>    Batch: 8816 | Accuracy: 56.25
>>>    Batch: 8832 | Accuracy: 81.25
>>>    Batch: 8848 | Accuracy: 68.75
>>>    Batch: 8864 | Accuracy: 31.25
>>>    Batch: 8880 | Accuracy: 81.25
>>>    Batch: 8896 | Accuracy: 75.0
>>>    Batch: 8912 | Accuracy: 87.5
>>>    Batch: 8928 | Accuracy: 56.25
>>>    Batch: 8944 | Accuracy: 81.25
>>>    Batch: 8960 | Accuracy: 81.25
>>>    Batch: 8976 | Accuracy: 75.0
>>>    Batch: 8992 | Accuracy: 56.25
>>>    Batch: 9008 | Accuracy: 68.75
>>>    Batch: 9024 | Accuracy: 87.5
>>>    Batch: 9040 | Accuracy: 81.25
>>>    Batch: 9056 | Accuracy: 62.5
>>>    Batch: 9072 | Accuracy: 56.25
>>>    Batch: 9088 | Accuracy: 56.25
>>>    Batch: 9104 | Accuracy: 56.25
>>>    Batch: 9120 | Accuracy: 68.75
>>>    Batch: 9136 | Accuracy: 62.5
>>>    Batch: 9152 | Accuracy: 87.5
>>>    Batch: 9168 | Accuracy: 62.5
>>>    Batch: 9184 | Accuracy: 68.75
>>>    Batch: 9200 | Accuracy: 75.0
>>>    Batch: 9216 | Accuracy: 81.25
>>>    Batch: 9232 | Accuracy: 62.5
>>>    Batch: 9248 | Accuracy: 75.0
>>>    Batch: 9264 | Accuracy: 56.25
>>>    Batch: 9280 | Accuracy: 81.25
>>>    Batch: 9296 | Accuracy: 87.5
>>>    Batch: 9312 | Accuracy: 75.0
>>>    Batch: 9328 | Accuracy: 62.5
>>>    Batch: 9344 | Accuracy: 81.25
>>>    Batch: 9360 | Accuracy: 75.0
>>>    Batch: 9376 | Accuracy: 75.0
>>>    Batch: 9392 | Accuracy: 56.25
>>>    Batch: 9408 | Accuracy: 75.0
>>>    Batch: 9424 | Accuracy: 68.75
>>>    Batch: 9440 | Accuracy: 81.25
>>>    Batch: 9456 | Accuracy: 68.75
>>>    Batch: 9472 | Accuracy: 68.75
>>>    Batch: 9488 | Accuracy: 81.25
>>>    Batch: 9504 | Accuracy: 62.5
>>>    Batch: 9520 | Accuracy: 75.0
>>> Training | Epoch: 0 | Accuracy : 49.66386554621849 | Elapsed time: 2094.0717763900757
>>> Validation | Test Accuracy: 69.38559322033899 | Elapsed time: 812.3587124347687
>>> Training | Epoch: 1 | Accuracy : 84.06040268456375 | Elapsed time: 2157.018546819687
>>> Validation | Test Accuracy: 79.44915254237289 | Elapsed time: 816.7393038272858
>>> Training | Epoch: 2 | Accuracy : 93.25713087248322 | Elapsed time: 2171.143281698227
>>> Validation | Test Accuracy: 82.17690677966101 | Elapsed time: 819.4365606307983
Exception: /projects/training/bauh/AR/UCF-101-hdf5/Surfing/v_Surfing_g08_c06.hdf5
>>> Training | Epoch: 3 | Accuracy : 96.23949579831933 | Elapsed time: 2171.53862285614
>>> Validation | Test Accuracy: 81.38241525423729 | Elapsed time: 821.8862180709839
Exception: /projects/training/bauh/AR/UCF-101-hdf5/Surfing/v_Surfing_g08_c06.hdf5
>>> Training | Epoch: 4 | Accuracy : 97.6470588235294 | Elapsed time: 2225.854503393173
>>> Validation | Test Accuracy: 81.48834745762711 | Elapsed time: 857.4414393901825
Exception: /projects/training/bauh/AR/UCF-101-hdf5/Surfing/v_Surfing_g08_c03.hdf5
>>> Training | Epoch: 5 | Accuracy : 98.30882352941177 | Elapsed time: 2276.8765444755554
>>> Validation | Test Accuracy: 82.52118644067797 | Elapsed time: 860.4512541294098
>>> Training | Epoch: 6 | Accuracy : 98.6996644295302 | Elapsed time: 2281.453677415848
>>> Validation | Test Accuracy: 82.70656779661017 | Elapsed time: 856.08278465271
>>> Training | Epoch: 7 | Accuracy : 98.90939597315436 | Elapsed time: 2236.7062373161316
>>> Validation | Test Accuracy: 83.58050847457628 | Elapsed time: 837.0605325698853
Exception: /projects/training/bauh/AR/UCF-101-hdf5/Surfing/v_Surfing_g08_c03.hdf5
>>> Training | Epoch: 8 | Accuracy : 98.97058823529412 | Elapsed time: 2226.507263660431
>>> Validation | Test Accuracy: 82.38877118644068 | Elapsed time: 839.3456795215607
Exception: /projects/training/bauh/AR/UCF-101-hdf5/Surfing/v_Surfing_g08_c06.hdf5
>>> Training | Epoch: 9 | Accuracy : 98.92857142857143 | Elapsed time: 2227.663163661957
>>> Validation | Test Accuracy: 83.81885593220339 | Elapsed time: 848.688366651535
Application 70894219 exit codes: 1
Application 70894219 resources: utime ~24772s, stime ~5564s, Rss ~2436516, inblocks ~3385484809, outblocks ~2505212376
